D:\Users\jrp3024\GGP-BUTTS\Main\DirectX11_Starter_2015\DirectX11_Starter\BloomComposite.hlsl(48,11): warning X3078: 'i': loop control variable conflicts with a previous declaration in the outer scope; most recent declaration will be used
  
  compilation object save succeeded; see D:\Users\jrp3024\GGP-BUTTS\Main\DirectX11_Starter_2015\Release\BloomComposite.cso
  compilation object save succeeded; see D:\Users\jrp3024\GGP-BUTTS\Main\DirectX11_Starter_2015\Release\BloomFilter.cso
  compilation object save succeeded; see D:\Users\jrp3024\GGP-BUTTS\Main\DirectX11_Starter_2015\Release\BlurPS.cso
  compilation object save succeeded; see D:\Users\jrp3024\GGP-BUTTS\Main\DirectX11_Starter_2015\Release\ChromaticAberation.cso
  compilation object save succeeded; see D:\Users\jrp3024\GGP-BUTTS\Main\DirectX11_Starter_2015\Release\EdgePS.cso
  compilation object save succeeded; see D:\Users\jrp3024\GGP-BUTTS\Main\DirectX11_Starter_2015\Release\FinalVS.cso
  compilation object save succeeded; see D:\Users\jrp3024\GGP-BUTTS\Main\DirectX11_Starter_2015\Release\Final.cso
  compilation object save succeeded; see D:\Users\jrp3024\GGP-BUTTS\Main\DirectX11_Starter_2015\Release\FXAA.cso
D:\Users\jrp3024\GGP-BUTTS\Main\DirectX11_Starter_2015\DirectX11_Starter\Pulse.hlsl(40,47-72): warning X3571: pow(f, e) will not work for negative f, use abs(f) or conditionally handle negative values if you expect them
  
  compilation object save succeeded; see D:\Users\jrp3024\GGP-BUTTS\Main\DirectX11_Starter_2015\Release\Pulse.cso
  compilation object save succeeded; see D:\Users\jrp3024\GGP-BUTTS\Main\DirectX11_Starter_2015\Release\SceneDepthPS.cso
D:\Users\jrp3024\GGP-BUTTS\Main\DirectX11_Starter_2015\DirectX11_Starter\SceneDepthVS.hlsl(11,18-41): warning X3578: Output value 'main' is not completely initialized
  
  compilation object save succeeded; see D:\Users\jrp3024\GGP-BUTTS\Main\DirectX11_Starter_2015\Release\SceneDepthVS.cso
D:\Users\jrp3024\GGP-BUTTS\Main\DirectX11_Starter_2015\DirectX11_Starter\Shaders\PixelShader.hlsl(81,9-35): warning X3206: implicit truncation of vector type
D:\Users\jrp3024\GGP-BUTTS\Main\DirectX11_Starter_2015\DirectX11_Starter\Shaders\PixelShader.hlsl(95,15-30): warning X3206: 'mul': implicit truncation of vector type
  
  compilation object save succeeded; see D:\Users\jrp3024\GGP-BUTTS\Main\DirectX11_Starter_2015\Release\PixelShader.cso
  compilation object save succeeded; see D:\Users\jrp3024\GGP-BUTTS\Main\DirectX11_Starter_2015\Release\PixelShader2.cso
  compilation object save succeeded; see D:\Users\jrp3024\GGP-BUTTS\Main\DirectX11_Starter_2015\Release\VertexShader.cso
  compilation object save succeeded; see D:\Users\jrp3024\GGP-BUTTS\Main\DirectX11_Starter_2015\Release\SimplePS.cso
  compilation object save succeeded; see D:\Users\jrp3024\GGP-BUTTS\Main\DirectX11_Starter_2015\Release\Tint.cso
  Bloom.cpp
  Blur.cpp
  Camera.cpp
  ChromaticAberation.cpp
ChromaticAberation.cpp(48): warning C4244: 'argument': conversion from 'int' to 'float', possible loss of data
ChromaticAberation.cpp(49): warning C4244: 'argument': conversion from 'int' to 'float', possible loss of data
  EdgeDetect.cpp
EdgeDetect.cpp(49): warning C4244: 'argument': conversion from 'float' to 'int', possible loss of data
EdgeDetect.cpp(66): warning C4244: 'argument': conversion from 'int' to 'float', possible loss of data
EdgeDetect.cpp(67): warning C4244: 'argument': conversion from 'int' to 'float', possible loss of data
  Entitiy.cpp
  FXAA.cpp
FXAA.cpp(35): warning C4244: 'argument': conversion from 'int' to 'float', possible loss of data
FXAA.cpp(36): warning C4244: 'argument': conversion from 'int' to 'float', possible loss of data
  Material.cpp
  Mesh.cpp
  MeshLoader.cpp
MeshLoader.cpp(300): warning C4018: '<': signed/unsigned mismatch
MeshLoader.cpp(304): warning C4018: '<': signed/unsigned mismatch
MeshLoader.cpp(320): warning C4018: '<': signed/unsigned mismatch
MeshLoader.cpp(348): warning C4018: '<': signed/unsigned mismatch
MeshLoader.cpp(351): warning C4018: '<': signed/unsigned mismatch
  MyDemoGame.cpp
MyDemoGame.cpp(137): warning C4305: 'argument': truncation from 'double' to 'float'
  dxerr.cpp
  DirectXGameCore.cpp
  PostProcess.cpp
PostProcess.cpp(38): warning C4018: '<': signed/unsigned mismatch
  PostProcessBase.cpp
  ppTest.cpp
  Pulse.cpp
Pulse.cpp(9): warning C4244: '=': conversion from 'int' to 'float', possible loss of data
  ScreenDepth.cpp
  SimpleShader.cpp
  Tint.cpp
  Generating code
  All 2892 functions were compiled because no usable IPDB/IOBJ from previous compilation was found.
  Finished generating code
  DirectX11_Starter.vcxproj -> D:\Users\jrp3024\GGP-BUTTS\Main\DirectX11_Starter_2015\Release\DirectX11_Starter.exe
