d:\users\jrp3024\ggp\main\directx11_starter_2015\directx11_starter\release\vc140.pdb
d:\users\jrp3024\ggp\main\directx11_starter_2015\directx11_starter\release\dxerr.obj
d:\users\jrp3024\ggp\main\directx11_starter_2015\directx11_starter\release\simpleshader.obj
d:\users\jrp3024\ggp\main\directx11_starter_2015\directx11_starter\release\mydemogame.obj
d:\users\jrp3024\ggp\main\directx11_starter_2015\directx11_starter\release\meshloader.obj
d:\users\jrp3024\ggp\main\directx11_starter_2015\directx11_starter\release\mesh.obj
d:\users\jrp3024\ggp\main\directx11_starter_2015\directx11_starter\release\material.obj
d:\users\jrp3024\ggp\main\directx11_starter_2015\directx11_starter\release\entitiy.obj
d:\users\jrp3024\ggp\main\directx11_starter_2015\directx11_starter\release\directxgamecore.obj
d:\users\jrp3024\ggp\main\directx11_starter_2015\directx11_starter\release\camera.obj
d:\users\jrp3024\ggp\main\directx11_starter_2015\release\pixelshader.cso
d:\users\jrp3024\ggp\main\directx11_starter_2015\release\vertexshader.cso
d:\users\jrp3024\ggp\main\directx11_starter_2015\release\directx11_starter.pdb
d:\users\jrp3024\ggp\main\directx11_starter_2015\directx11_starter\release\directx1.feb50fc0.tlog\cl.command.1.tlog
d:\users\jrp3024\ggp\main\directx11_starter_2015\directx11_starter\release\directx1.feb50fc0.tlog\cl.read.1.tlog
d:\users\jrp3024\ggp\main\directx11_starter_2015\directx11_starter\release\directx1.feb50fc0.tlog\cl.write.1.tlog
d:\users\jrp3024\ggp\main\directx11_starter_2015\directx11_starter\release\directx1.feb50fc0.tlog\directx11_starter.write.1u.tlog
d:\users\jrp3024\ggp\main\directx11_starter_2015\directx11_starter\release\directx1.feb50fc0.tlog\fxc.command.1.tlog
d:\users\jrp3024\ggp\main\directx11_starter_2015\directx11_starter\release\directx1.feb50fc0.tlog\fxc.read.1.tlog
d:\users\jrp3024\ggp\main\directx11_starter_2015\directx11_starter\release\directx1.feb50fc0.tlog\fxc.write.1.tlog
d:\users\jrp3024\ggp\main\directx11_starter_2015\directx11_starter\release\directx1.feb50fc0.tlog\link-cvtres.read.1.tlog
d:\users\jrp3024\ggp\main\directx11_starter_2015\directx11_starter\release\directx1.feb50fc0.tlog\link-cvtres.write.1.tlog
d:\users\jrp3024\ggp\main\directx11_starter_2015\directx11_starter\release\directx1.feb50fc0.tlog\link-rc.read.1.tlog
d:\users\jrp3024\ggp\main\directx11_starter_2015\directx11_starter\release\directx1.feb50fc0.tlog\link-rc.write.1.tlog
d:\users\jrp3024\ggp\main\directx11_starter_2015\directx11_starter\release\directx1.feb50fc0.tlog\link.command.1.tlog
d:\users\jrp3024\ggp\main\directx11_starter_2015\directx11_starter\release\directx1.feb50fc0.tlog\link.read.1.tlog
d:\users\jrp3024\ggp\main\directx11_starter_2015\directx11_starter\release\directx1.feb50fc0.tlog\link.write.1.tlog
