d:\users\jrp3024\ggp-dx11\main\directx11_starter_2015\directx11_starter\debug\vc140.pdb
d:\users\jrp3024\ggp-dx11\main\directx11_starter_2015\directx11_starter\debug\vc140.idb
d:\users\jrp3024\ggp-dx11\main\directx11_starter_2015\directx11_starter\debug\mesh.obj
d:\users\jrp3024\ggp-dx11\main\directx11_starter_2015\directx11_starter\debug\meshloader.obj
d:\users\jrp3024\ggp-dx11\main\directx11_starter_2015\directx11_starter\debug\mydemogame.obj
d:\users\jrp3024\ggp-dx11\main\directx11_starter_2015\directx11_starter\debug\dxerr.obj
d:\users\jrp3024\ggp-dx11\main\directx11_starter_2015\directx11_starter\debug\directxgamecore.obj
d:\users\jrp3024\ggp-dx11\main\directx11_starter_2015\directx11_starter\debug\simpleshader.obj
d:\users\jrp3024\ggp-dx11\main\directx11_starter_2015\debug\pixelshader.cso
d:\users\jrp3024\ggp-dx11\main\directx11_starter_2015\debug\vertexshader.cso
d:\users\jrp3024\ggp-dx11\main\directx11_starter_2015\debug\directx11_starter.ilk
d:\users\jrp3024\ggp-dx11\main\directx11_starter_2015\debug\directx11_starter.exe
d:\users\jrp3024\ggp-dx11\main\directx11_starter_2015\debug\directx11_starter.pdb
d:\users\jrp3024\ggp-dx11\main\directx11_starter_2015\directx11_starter\debug\testmodel.obj
d:\users\jrp3024\ggp-dx11\main\directx11_starter_2015\directx11_starter\debug\meshloader.obj.enc
d:\users\jrp3024\ggp-dx11\main\directx11_starter_2015\directx11_starter\debug\directx1.feb50fc0.tlog\cl.command.1.tlog
d:\users\jrp3024\ggp-dx11\main\directx11_starter_2015\directx11_starter\debug\directx1.feb50fc0.tlog\cl.read.1.tlog
d:\users\jrp3024\ggp-dx11\main\directx11_starter_2015\directx11_starter\debug\directx1.feb50fc0.tlog\cl.write.1.tlog
d:\users\jrp3024\ggp-dx11\main\directx11_starter_2015\directx11_starter\debug\directx1.feb50fc0.tlog\directx11_starter.write.1u.tlog
d:\users\jrp3024\ggp-dx11\main\directx11_starter_2015\directx11_starter\debug\directx1.feb50fc0.tlog\fxc.command.1.tlog
d:\users\jrp3024\ggp-dx11\main\directx11_starter_2015\directx11_starter\debug\directx1.feb50fc0.tlog\fxc.read.1.tlog
d:\users\jrp3024\ggp-dx11\main\directx11_starter_2015\directx11_starter\debug\directx1.feb50fc0.tlog\fxc.write.1.tlog
d:\users\jrp3024\ggp-dx11\main\directx11_starter_2015\directx11_starter\debug\directx1.feb50fc0.tlog\link.command.1.tlog
d:\users\jrp3024\ggp-dx11\main\directx11_starter_2015\directx11_starter\debug\directx1.feb50fc0.tlog\link.read.1.tlog
d:\users\jrp3024\ggp-dx11\main\directx11_starter_2015\directx11_starter\debug\directx1.feb50fc0.tlog\link.write.1.tlog
